<?xml version="1.0" encoding="UTF-8"?>
<!-- Generated by org.testng.reporters.JUnitReportReporter -->
<testsuite hostname="DESKTOP-UGDPRUP" failures="0" tests="1" name="Book_TestRunner.Book_TestRunner" time="9.641" errors="0" timestamp="2023-10-05T13:37:22 CDT" skipped="0">
  <testcase classname="Book_TestRunner.Book_TestRunner" name="feature" time="9.641"/>
</testsuite> <!-- Book_TestRunner.Book_TestRunner -->
